#
# A fatal error has been detected by the Java Runtime Environment:
#
#  EXCEPTION_ACCESS_VIOLATION (0xc0000005) at pc=0x00007fff99f3bc8a, pid=13840, tid=12100
#
# JRE version: OpenJDK Runtime Environment Temurin-17.0.1+12 (17.0.1+12) (build 17.0.1+12)
# Java VM: OpenJDK 64-Bit Server VM Temurin-17.0.1+12 (17.0.1+12, mixed mode, tiered, compressed oops, compressed class ptrs, g1 gc, windows-amd64)
# Problematic frame:
# V  [jvm.dll+0x79bc8a]
#
# No core dump will be written. Minidumps are not enabled by default on client versions of Windows
#
# If you would like to submit a bug report, please visit:
#   https://github.com/adoptium/adoptium-support/issues
#

---------------  S U M M A R Y ------------

Command Line: -XX:+ShowCodeDetailsInExceptionMessages -agentlib:jdwp=transport=dt_socket,suspend=y,address=localhost:1053 -javaagent:C:\Users\madmin\eclipse\jee-2021-12\eclipse\configuration\org.eclipse.osgi\418\0\.cp\lib\javaagent-shaded.jar -Dfile.encoding=Cp1252 --module-path=C:\Users\madmin\OneDrive\GSU\SPRING 2023\CSCI-3230-D\workspace\sortProject01\target\classes;C:\Users\madmin\.m2\repository\com\github\javafaker\javafaker\1.0.2\javafaker-1.0.2.jar --patch-module=sortProject01=C:\Users\madmin\OneDrive\GSU\SPRING 2023\CSCI-3230-D\workspace\sortProject01\target\test-classes --add-reads=sortProject01=ALL-UNNAMED -Djdk.module.main=sortProject01 sortProject01/sortProject01.SortTest

Host: Intel(R) Core(TM) i5-4300U CPU @ 1.90GHz, 4 cores, 7G,  Windows 10 , 64 bit Build 19041 (10.0.19041.2251)
Time: Thu Jan 12 16:37:52 2023 Eastern Standard Time elapsed time: 52.622813 seconds (0d 0h 0m 52s)

---------------  T H R E A D  ---------------

Current thread (0x0000022959847d60):  JavaThread "JDWP Transport Listener: dt_socket" daemon [_thread_in_vm, id=12100, stack(0x000000efa9100000,0x000000efa9200000)]

Stack: [0x000000efa9100000,0x000000efa9200000],  sp=0x000000efa91ff950,  free space=1022k
Native frames: (J=compiled Java code, j=interpreted, Vv=VM code, C=native code)
V  [jvm.dll+0x79bc8a]
V  [jvm.dll+0x507e6c]
V  [jvm.dll+0x4cf4d4]
C  [jdwp.dll+0x22dff]


siginfo: EXCEPTION_ACCESS_VIOLATION (0xc0000005), reading address 0x00000000006d0070


Register to memory mapping:

RIP=0x00007fff99f3bc8a jvm.dll
RAX=0x000000000000006e is an unknown value
RBX=0x00000229595a8b57 points into unknown readable memory: 00
RCX=0x00000000006d006c is an unknown value
RDX=0x0000022959fdd460 points into unknown readable memory: 0x6f725074726f734c | 4c 73 6f 72 74 50 72 6f
RSP=0x000000efa91ff950 is pointing into the stack for thread: 0x0000022959847d60
RBP=0x00000229598268d0 points into unknown readable memory: 0x0043005000000002 | 02 00 00 00 50 00 43 00
RSI=0x0 is NULL
RDI=0xffffffffffffffff is an unknown value
R8 =0x0000000000000048 is an unknown value
R9 =0x0000000000000040 is an unknown value
R10=0x0000000000000040 is an unknown value
R11=0x000000efa91ff970 is pointing into the stack for thread: 0x0000022959847d60
R12=0x000000efa91ffaa8 is pointing into the stack for thread: 0x0000022959847d60
R13=0x0 is NULL
R14=0x00000001000c7298 is a pointer to class: 
sortProject01.Person {0x00000001000c72a0}
 - instance size:     4
 - klass size:        71
 - access:            public synchronized 
 - state:             fully_initialized
 - name:              'sortProject01/Person'
 - super:             'java/lang/Object'
 - sub:               
 - arrays:            'sortProject01/Person'[]
 - methods:           Array<T>(0x000002295aaceb00)
 - method ordering:   Array<T>(0x000002295aacf140)
 - default_methods:   Array<T>(0x0000000000000000)
 - local interfaces:  Array<T>(0x000002295a93a930)
 - trans. interfaces: Array<T>(0x000002295a93a930)
 - constants:         constant pool [112] {0x000002295aacf9d0} for 'sortProject01/Person' cache=0x000002295aad0000
 - class loader data:  loader data: 0x00000229595685b0 for instance a 'jdk/internal/loader/ClassLoaders$AppClassLoader'{0x0000000089000000}
 - source file:       'Person.java'
 - source debug extension:       SMAP
Person.java
Java
*S jdt
*F
1 Person.java
2 file:/C:/Users/madmin/OneDrive/GSU/SPRING%202023/CSCI-3230-D/workspace/sortProject01/target/classes/
*L
*E

 - class annotations:       Array<T>(0x0000000000000000)
 - class type annotations:  Array<T>(0x0000000000000000)
 - field annotations:       Array<T>(0x0000000000000000)
 - field type annotations:  Array<T>(0x0000000000000000)
 - generic signature: '
[error occurred during error reporting (printing register info), id 0xc0000005, EXCEPTION_ACCESS_VIOLATION (0xc0000005) at pc=0x00007fff99f3c896]

Registers:
RAX=0x000000000000006e, RBX=0x00000229595a8b57, RCX=0x00000000006d006c, RDX=0x0000022959fdd460
RSP=0x000000efa91ff950, RBP=0x00000229598268d0, RSI=0x0000000000000000, RDI=0xffffffffffffffff
R8 =0x0000000000000048, R9 =0x0000000000000040, R10=0x0000000000000040, R11=0x000000efa91ff970
R12=0x000000efa91ffaa8, R13=0x0000000000000000, R14=0x00000001000c7298, R15=0x000000efa91ffaf8
RIP=0x00007fff99f3bc8a, EFLAGS=0x0000000000010206

Top of Stack: (sp=0x000000efa91ff950)
0x000000efa91ff950:   0000000000000014 00000001000c7298
0x000000efa91ff960:   0000022959847d60 0000000000000000
0x000000efa91ff970:   ffffffffffffffff 00007fff99ca7e6c
0x000000efa91ff980:   00000229595a8b57 00000229595a8b40
0x000000efa91ff990:   00000229598268d0 0000022959efb770
0x000000efa91ff9a0:   00000229595a8b10 00000000000003d8
0x000000efa91ff9b0:   00000229595a8b20 00000229595a8ef8
0x000000efa91ff9c0:   0000000000000002 000000efa91ffaa8
0x000000efa91ff9d0:   0000000000000000 0000000000000000
0x000000efa91ff9e0:   0000000089094c78 00007fff99c6f4d4
0x000000efa91ff9f0:   0000022959847d60 000000efa91ffaf8
0x000000efa91ffa00:   000002293f4537a0 000000efa91ffaf8
0x000000efa91ffa10:   0000022959847d60 0000000000000000
0x000000efa91ffa20:   0000022900000000 0000000000000000
0x000000efa91ffa30:   000000000000000d 00007fffd50a2dff
0x000000efa91ffa40:   000000efa91ffaf0 00007fffd50b1aa0 

Instructions: (pc=0x00007fff99f3bc8a)
0x00007fff99f3bb8a:   48 83 c4 20 5f e9 3c a2 90 ff cc cc cc cc cc cc
0x00007fff99f3bb9a:   cc cc cc cc cc cc 48 89 5c 24 08 57 48 83 ec 20
0x00007fff99f3bbaa:   83 fa 02 8d 42 06 b9 08 00 00 00 49 8b d8 0f 4e
0x00007fff99f3bbba:   c1 48 63 c8 48 83 c1 07 83 e1 f8 48 63 f9 49 8b
0x00007fff99f3bbca:   48 18 48 8b c7 48 f7 d0 48 3b c1 73 16 4c 8d 05
0x00007fff99f3bbda:   5a 55 17 00 48 8b d7 48 8b cb e8 47 05 91 ff 48
0x00007fff99f3bbea:   8b 4b 18 48 8d 04 39 48 3b 43 20 76 18 45 33 c0
0x00007fff99f3bbfa:   48 8b d7 48 8b cb 48 8b 5c 24 30 48 83 c4 20 5f
0x00007fff99f3bc0a:   e9 a1 01 91 ff 48 89 43 18 48 8b c1 48 8b 5c 24
0x00007fff99f3bc1a:   30 48 83 c4 20 5f c3 cc cc cc cc cc cc cc cc cc
0x00007fff99f3bc2a:   cc cc cc cc cc cc 4c 8b d2 4c 8b d9 45 85 c0 7e
0x00007fff99f3bc3a:   3c 44 0f b7 49 04 41 8d 40 ff 41 3b c1 44 0f 4c
0x00007fff99f3bc4a:   c8 4d 63 c1 45 85 c9 7e 1f 48 8b c2 4c 2b da 49
0x00007fff99f3bc5a:   8b d0 0f 1f 40 00 41 0f b6 4c 03 06 88 08 48 8d
0x00007fff99f3bc6a:   40 01 48 83 ea 01 75 ee 43 c6 04 10 00 49 8b c2
0x00007fff99f3bc7a:   c3 cc cc cc cc cc 48 89 5c 24 08 57 48 83 ec 20
0x00007fff99f3bc8a:   0f b7 59 04 48 8b f9 33 d2 48 8d 4b 01 e8 24 e8
0x00007fff99f3bc9a:   f2 ff 0f b7 57 04 4c 8b c0 3b da 0f 42 d3 44 8b
0x00007fff99f3bcaa:   ca 85 d2 74 39 48 2b f8 0f 1f 40 00 66 66 0f 1f
0x00007fff99f3bcba:   84 00 00 00 00 00 0f b6 4c 07 06 88 08 48 ff c0
0x00007fff99f3bcca:   48 8b c8 49 2b c8 49 3b c9 7c eb 42 c6 04 02 00
0x00007fff99f3bcda:   49 8b c0 48 8b 5c 24 30 48 83 c4 20 5f c3 48 8b
0x00007fff99f3bcea:   5c 24 30 c6 04 02 00 48 83 c4 20 5f c3 cc cc cc
0x00007fff99f3bcfa:   cc cc cc cc cc cc 4c 8b d1 45 85 c0 7e 6c 44 0f
0x00007fff99f3bd0a:   b7 49 04 41 8d 40 ff 41 3b c1 44 0f 4c c8 4d 63
0x00007fff99f3bd1a:   d9 45 85 c9 7e 22 48 8b ca 4c 2b d2 4d 8b c3 0f
0x00007fff99f3bd2a:   1f 80 00 00 00 00 41 0f b6 44 0a 06 88 01 48 8d
0x00007fff99f3bd3a:   49 01 49 83 e8 01 75 ee 41 c6 04 13 00 48 c7 c0
0x00007fff99f3bd4a:   ff ff ff ff 66 90 48 ff c0 80 3c 02 00 75 f7 48
0x00007fff99f3bd5a:   63 c8 85 c0 48 8b c2 7e 14 80 38 2f 75 03 c6 00
0x00007fff99f3bd6a:   2e 48 ff c0 48 83 e9 01 75 ef 48 8b c2 c3 cc cc
0x00007fff99f3bd7a:   cc cc cc cc cc cc 48 83 ec 28 e8 f7 fe ff ff 4c 


Stack slot to memory mapping:
stack at sp + 0 slots: 0x0000000000000014 is an unknown value
stack at sp + 1 slots: 0x00000001000c7298 is a pointer to class: 
sortProject01.Person {0x00000001000c72a0}
 - instance size:     4
 - klass size:        71
 - access:            public synchronized 
 - state:             fully_initialized
 - name:              'sortProject01/Person'
 - super:             'java/lang/Object'
 - sub:               
 - arrays:            'sortProject01/Person'[]
 - methods:           Array<T>(0x000002295aaceb00)
 - method ordering:   Array<T>(0x000002295aacf140)
 - default_methods:   Array<T>(0x0000000000000000)
 - local interfaces:  Array<T>(0x000002295a93a930)
 - trans. interfaces: Array<T>(0x000002295a93a930)
 - constants:         constant pool [112] {0x000002295aacf9d0} for 'sortProject01/Person' cache=0x000002295aad0000
 - class loader data:  loader data: 0x00000229595685b0 for instance a 'jdk/internal/loader/ClassLoaders$AppClassLoader'{0x0000000089000000}
 - source file:       'Person.java'
 - source debug extension:       SMAP
Person.java
Java
*S jdt
*F
1 Person.java
2 file:/C:/Users/madmin/OneDrive/GSU/SPRING%202023/CSCI-3230-D/workspace/sortProject01/target/classes/
*L
*E

 - class annotations:       Array<T>(0x0000000000000000)
 - class type annotations:  Array<T>(0x0000000000000000)
 - field annotations:       Array<T>(0x0000000000000000)
 - field type annotations:  Array<T>(0x0000000000000000)
 - generic signature: '
[error occurred during error reporting (inspecting top of stack), id 0xc0000005, EXCEPTION_ACCESS_VIOLATION (0xc0000005) at pc=0x00007fff99f3c896]


---------------  P R O C E S S  ---------------

Threads class SMR info:
_java_thread_list=0x000002295b5f8050, length=15, elements={
0x000002293f465ad0, 0x0000022958b163e0, 0x0000022958b173e0, 0x0000022958aebde0,
0x0000022958b2bf50, 0x0000022958b2c810, 0x0000022958b2e0e0, 0x0000022958b2ecd0,
0x00000229595618e0, 0x00000229595645a0, 0x000002295958d950, 0x0000022959847d60,
0x0000022959848a10, 0x0000022959848f00, 0x0000022959e79f00
}

Java Threads: ( => current thread )
  0x000002293f465ad0 JavaThread "main" [_thread_blocked, id=11776, stack(0x000000efa7f00000,0x000000efa8000000)]
  0x0000022958b163e0 JavaThread "Reference Handler" daemon [_thread_blocked, id=11460, stack(0x000000efa8700000,0x000000efa8800000)]
  0x0000022958b173e0 JavaThread "Finalizer" daemon [_thread_blocked, id=11408, stack(0x000000efa8800000,0x000000efa8900000)]
  0x0000022958aebde0 JavaThread "Signal Dispatcher" daemon [_thread_blocked, id=4120, stack(0x000000efa8900000,0x000000efa8a00000)]
  0x0000022958b2bf50 JavaThread "Attach Listener" daemon [_thread_blocked, id=2380, stack(0x000000efa8a00000,0x000000efa8b00000)]
  0x0000022958b2c810 JavaThread "Service Thread" daemon [_thread_blocked, id=15156, stack(0x000000efa8b00000,0x000000efa8c00000)]
  0x0000022958b2e0e0 JavaThread "Monitor Deflation Thread" daemon [_thread_blocked, id=6984, stack(0x000000efa8c00000,0x000000efa8d00000)]
  0x0000022958b2ecd0 JavaThread "C2 CompilerThread0" daemon [_thread_blocked, id=5632, stack(0x000000efa8d00000,0x000000efa8e00000)]
  0x00000229595618e0 JavaThread "C1 CompilerThread0" daemon [_thread_blocked, id=14740, stack(0x000000efa8e00000,0x000000efa8f00000)]
  0x00000229595645a0 JavaThread "Sweeper thread" daemon [_thread_blocked, id=3360, stack(0x000000efa8f00000,0x000000efa9000000)]
  0x000002295958d950 JavaThread "Common-Cleaner" daemon [_thread_blocked, id=5792, stack(0x000000efa9000000,0x000000efa9100000)]
=>0x0000022959847d60 JavaThread "JDWP Transport Listener: dt_socket" daemon [_thread_in_vm, id=12100, stack(0x000000efa9100000,0x000000efa9200000)]
  0x0000022959848a10 JavaThread "JDWP Event Helper Thread" daemon [_thread_blocked, id=7820, stack(0x000000efa9200000,0x000000efa9300000)]
  0x0000022959848f00 JavaThread "JDWP Command Reader" daemon [_thread_in_native, id=16136, stack(0x000000efa9300000,0x000000efa9400000)]
  0x0000022959e79f00 JavaThread "Notification Thread" daemon [_thread_blocked, id=5660, stack(0x000000efa9400000,0x000000efa9500000)]

Other Threads:
  0x0000022958aba350 VMThread "VM Thread" [stack: 0x000000efa8600000,0x000000efa8700000] [id=8016]
  0x0000022959e7a3d0 WatcherThread [stack: 0x000000efa9500000,0x000000efa9600000] [id=10088]
  0x000002293f49e640 GCTaskThread "GC Thread#0" [stack: 0x000000efa8100000,0x000000efa8200000] [id=6676]
  0x0000022959f629e0 GCTaskThread "GC Thread#1" [stack: 0x000000efa9600000,0x000000efa9700000] [id=15668]
  0x0000022959f62c90 GCTaskThread "GC Thread#2" [stack: 0x000000efa9700000,0x000000efa9800000] [id=6328]
  0x0000022959f6e7a0 GCTaskThread "GC Thread#3" [stack: 0x000000efa9800000,0x000000efa9900000] [id=9588]
  0x000002293f4b00e0 ConcurrentGCThread "G1 Main Marker" [stack: 0x000000efa8200000,0x000000efa8300000] [id=9460]
  0x000002293f4b0a00 ConcurrentGCThread "G1 Conc#0" [stack: 0x000000efa8300000,0x000000efa8400000] [id=1388]
  0x000002293f5282a0 ConcurrentGCThread "G1 Refine#0" [stack: 0x000000efa8400000,0x000000efa8500000] [id=9540]
  0x000002293f5294b0 ConcurrentGCThread "G1 Service" [stack: 0x000000efa8500000,0x000000efa8600000] [id=8760]

Threads with active compile tasks:

VM state: not at safepoint (normal execution)

VM Mutex/Monitor currently owned by a thread: None

Heap address: 0x0000000081e00000, size: 2018 MB, Compressed Oops mode: 32-bit

CDS archive(s) not mapped
Compressed class space mapped at: 0x0000000100000000-0x0000000140000000, reserved size: 1073741824
Narrow klass base: 0x0000000000000000, Narrow klass shift: 3, Narrow klass range: 0x140000000

GC Precious Log:
 CPUs: 4 total, 4 available
 Memory: 8070M
 Large Page Support: Disabled
 NUMA Support: Disabled
 Compressed Oops: Enabled (32-bit)
 Heap Region Size: 1M
 Heap Min Capacity: 8M
 Heap Initial Capacity: 128M
 Heap Max Capacity: 2018M
 Pre-touch: Disabled
 Parallel Workers: 4
 Concurrent Workers: 1
 Concurrent Refinement Workers: 4
 Periodic GC: Disabled

Heap:
 garbage-first heap   total 131072K, used 14128K [0x0000000081e00000, 0x0000000100000000)
  region size 1024K, 15 young (15360K), 2 survivors (2048K)
 Metaspace       used 12444K, committed 12608K, reserved 1064960K
  class space    used 1147K, committed 1216K, reserved 1048576K

Heap Regions: E=young(eden), S=young(survivor), O=old, HS=humongous(starts), HC=humongous(continues), CS=collection set, F=free, OA=open archive, CA=closed archive, TAMS=top-at-mark-start (previous, next)
|   0|0x0000000081e00000, 0x0000000081e00000, 0x0000000081f00000|  0%| F|  |TAMS 0x0000000081e00000, 0x0000000081e00000| Untracked 
|   1|0x0000000081f00000, 0x0000000081f00000, 0x0000000082000000|  0%| F|  |TAMS 0x0000000081f00000, 0x0000000081f00000| Untracked 
|   2|0x0000000082000000, 0x0000000082000000, 0x0000000082100000|  0%| F|  |TAMS 0x0000000082000000, 0x0000000082000000| Untracked 
|   3|0x0000000082100000, 0x0000000082100000, 0x0000000082200000|  0%| F|  |TAMS 0x0000000082100000, 0x0000000082100000| Untracked 
|   4|0x0000000082200000, 0x0000000082200000, 0x0000000082300000|  0%| F|  |TAMS 0x0000000082200000, 0x0000000082200000| Untracked 
|   5|0x0000000082300000, 0x0000000082300000, 0x0000000082400000|  0%| F|  |TAMS 0x0000000082300000, 0x0000000082300000| Untracked 
|   6|0x0000000082400000, 0x0000000082400000, 0x0000000082500000|  0%| F|  |TAMS 0x0000000082400000, 0x0000000082400000| Untracked 
|   7|0x0000000082500000, 0x0000000082500000, 0x0000000082600000|  0%| F|  |TAMS 0x0000000082500000, 0x0000000082500000| Untracked 
|   8|0x0000000082600000, 0x0000000082600000, 0x0000000082700000|  0%| F|  |TAMS 0x0000000082600000, 0x0000000082600000| Untracked 
|   9|0x0000000082700000, 0x0000000082700000, 0x0000000082800000|  0%| F|  |TAMS 0x0000000082700000, 0x0000000082700000| Untracked 
|  10|0x0000000082800000, 0x0000000082800000, 0x0000000082900000|  0%| F|  |TAMS 0x0000000082800000, 0x0000000082800000| Untracked 
|  11|0x0000000082900000, 0x0000000082900000, 0x0000000082a00000|  0%| F|  |TAMS 0x0000000082900000, 0x0000000082900000| Untracked 
|  12|0x0000000082a00000, 0x0000000082a00000, 0x0000000082b00000|  0%| F|  |TAMS 0x0000000082a00000, 0x0000000082a00000| Untracked 
|  13|0x0000000082b00000, 0x0000000082b00000, 0x0000000082c00000|  0%| F|  |TAMS 0x0000000082b00000, 0x0000000082b00000| Untracked 
|  14|0x0000000082c00000, 0x0000000082c00000, 0x0000000082d00000|  0%| F|  |TAMS 0x0000000082c00000, 0x0000000082c00000| Untracked 
|  15|0x0000000082d00000, 0x0000000082d00000, 0x0000000082e00000|  0%| F|  |TAMS 0x0000000082d00000, 0x0000000082d00000| Untracked 
|  16|0x0000000082e00000, 0x0000000082e00000, 0x0000000082f00000|  0%| F|  |TAMS 0x0000000082e00000, 0x0000000082e00000| Untracked 
|  17|0x0000000082f00000, 0x0000000082f00000, 0x0000000083000000|  0%| F|  |TAMS 0x0000000082f00000, 0x0000000082f00000| Untracked 
|  18|0x0000000083000000, 0x0000000083000000, 0x0000000083100000|  0%| F|  |TAMS 0x0000000083000000, 0x0000000083000000| Untracked 
|  19|0x0000000083100000, 0x0000000083100000, 0x0000000083200000|  0%| F|  |TAMS 0x0000000083100000, 0x0000000083100000| Untracked 
|  20|0x0000000083200000, 0x0000000083200000, 0x0000000083300000|  0%| F|  |TAMS 0x0000000083200000, 0x0000000083200000| Untracked 
|  21|0x0000000083300000, 0x0000000083300000, 0x0000000083400000|  0%| F|  |TAMS 0x0000000083300000, 0x0000000083300000| Untracked 
|  22|0x0000000083400000, 0x0000000083400000, 0x0000000083500000|  0%| F|  |TAMS 0x0000000083400000, 0x0000000083400000| Untracked 
|  23|0x0000000083500000, 0x0000000083500000, 0x0000000083600000|  0%| F|  |TAMS 0x0000000083500000, 0x0000000083500000| Untracked 
|  24|0x0000000083600000, 0x0000000083600000, 0x0000000083700000|  0%| F|  |TAMS 0x0000000083600000, 0x0000000083600000| Untracked 
|  25|0x0000000083700000, 0x0000000083700000, 0x0000000083800000|  0%| F|  |TAMS 0x0000000083700000, 0x0000000083700000| Untracked 
|  26|0x0000000083800000, 0x0000000083800000, 0x0000000083900000|  0%| F|  |TAMS 0x0000000083800000, 0x0000000083800000| Untracked 
|  27|0x0000000083900000, 0x0000000083900000, 0x0000000083a00000|  0%| F|  |TAMS 0x0000000083900000, 0x0000000083900000| Untracked 
|  28|0x0000000083a00000, 0x0000000083a00000, 0x0000000083b00000|  0%| F|  |TAMS 0x0000000083a00000, 0x0000000083a00000| Untracked 
|  29|0x0000000083b00000, 0x0000000083b00000, 0x0000000083c00000|  0%| F|  |TAMS 0x0000000083b00000, 0x0000000083b00000| Untracked 
|  30|0x0000000083c00000, 0x0000000083c00000, 0x0000000083d00000|  0%| F|  |TAMS 0x0000000083c00000, 0x0000000083c00000| Untracked 
|  31|0x0000000083d00000, 0x0000000083d00000, 0x0000000083e00000|  0%| F|  |TAMS 0x0000000083d00000, 0x0000000083d00000| Untracked 
|  32|0x0000000083e00000, 0x0000000083e00000, 0x0000000083f00000|  0%| F|  |TAMS 0x0000000083e00000, 0x0000000083e00000| Untracked 
|  33|0x0000000083f00000, 0x0000000083f00000, 0x0000000084000000|  0%| F|  |TAMS 0x0000000083f00000, 0x0000000083f00000| Untracked 
|  34|0x0000000084000000, 0x0000000084000000, 0x0000000084100000|  0%| F|  |TAMS 0x0000000084000000, 0x0000000084000000| Untracked 
|  35|0x0000000084100000, 0x0000000084100000, 0x0000000084200000|  0%| F|  |TAMS 0x0000000084100000, 0x0000000084100000| Untracked 
|  36|0x0000000084200000, 0x0000000084200000, 0x0000000084300000|  0%| F|  |TAMS 0x0000000084200000, 0x0000000084200000| Untracked 
|  37|0x0000000084300000, 0x0000000084300000, 0x0000000084400000|  0%| F|  |TAMS 0x0000000084300000, 0x0000000084300000| Untracked 
|  38|0x0000000084400000, 0x0000000084400000, 0x0000000084500000|  0%| F|  |TAMS 0x0000000084400000, 0x0000000084400000| Untracked 
|  39|0x0000000084500000, 0x0000000084500000, 0x0000000084600000|  0%| F|  |TAMS 0x0000000084500000, 0x0000000084500000| Untracked 
|  40|0x0000000084600000, 0x0000000084600000, 0x0000000084700000|  0%| F|  |TAMS 0x0000000084600000, 0x0000000084600000| Untracked 
|  41|0x0000000084700000, 0x0000000084700000, 0x0000000084800000|  0%| F|  |TAMS 0x0000000084700000, 0x0000000084700000| Untracked 
|  42|0x0000000084800000, 0x0000000084800000, 0x0000000084900000|  0%| F|  |TAMS 0x0000000084800000, 0x0000000084800000| Untracked 
|  43|0x0000000084900000, 0x0000000084900000, 0x0000000084a00000|  0%| F|  |TAMS 0x0000000084900000, 0x0000000084900000| Untracked 
|  44|0x0000000084a00000, 0x0000000084a00000, 0x0000000084b00000|  0%| F|  |TAMS 0x0000000084a00000, 0x0000000084a00000| Untracked 
|  45|0x0000000084b00000, 0x0000000084b00000, 0x0000000084c00000|  0%| F|  |TAMS 0x0000000084b00000, 0x0000000084b00000| Untracked 
|  46|0x0000000084c00000, 0x0000000084c00000, 0x0000000084d00000|  0%| F|  |TAMS 0x0000000084c00000, 0x0000000084c00000| Untracked 
|  47|0x0000000084d00000, 0x0000000084d00000, 0x0000000084e00000|  0%| F|  |TAMS 0x0000000084d00000, 0x0000000084d00000| Untracked 
|  48|0x0000000084e00000, 0x0000000084e00000, 0x0000000084f00000|  0%| F|  |TAMS 0x0000000084e00000, 0x0000000084e00000| Untracked 
|  49|0x0000000084f00000, 0x0000000084f00000, 0x0000000085000000|  0%| F|  |TAMS 0x0000000084f00000, 0x0000000084f00000| Untracked 
|  50|0x0000000085000000, 0x0000000085000000, 0x0000000085100000|  0%| F|  |TAMS 0x0000000085000000, 0x0000000085000000| Untracked 
|  51|0x0000000085100000, 0x0000000085100000, 0x0000000085200000|  0%| F|  |TAMS 0x0000000085100000, 0x0000000085100000| Untracked 
|  52|0x0000000085200000, 0x0000000085200000, 0x0000000085300000|  0%| F|  |TAMS 0x0000000085200000, 0x0000000085200000| Untracked 
|  53|0x0000000085300000, 0x0000000085300000, 0x0000000085400000|  0%| F|  |TAMS 0x0000000085300000, 0x0000000085300000| Untracked 
|  54|0x0000000085400000, 0x0000000085400000, 0x0000000085500000|  0%| F|  |TAMS 0x0000000085400000, 0x0000000085400000| Untracked 
|  55|0x0000000085500000, 0x0000000085500000, 0x0000000085600000|  0%| F|  |TAMS 0x0000000085500000, 0x0000000085500000| Untracked 
|  56|0x0000000085600000, 0x0000000085600000, 0x0000000085700000|  0%| F|  |TAMS 0x0000000085600000, 0x0000000085600000| Untracked 
|  57|0x0000000085700000, 0x0000000085700000, 0x0000000085800000|  0%| F|  |TAMS 0x0000000085700000, 0x0000000085700000| Untracked 
|  58|0x0000000085800000, 0x0000000085800000, 0x0000000085900000|  0%| F|  |TAMS 0x0000000085800000, 0x0000000085800000| Untracked 
|  59|0x0000000085900000, 0x0000000085900000, 0x0000000085a00000|  0%| F|  |TAMS 0x0000000085900000, 0x0000000085900000| Untracked 
|  60|0x0000000085a00000, 0x0000000085a00000, 0x0000000085b00000|  0%| F|  |TAMS 0x0000000085a00000, 0x0000000085a00000| Untracked 
|  61|0x0000000085b00000, 0x0000000085b00000, 0x0000000085c00000|  0%| F|  |TAMS 0x0000000085b00000, 0x0000000085b00000| Untracked 
|  62|0x0000000085c00000, 0x0000000085c00000, 0x0000000085d00000|  0%| F|  |TAMS 0x0000000085c00000, 0x0000000085c00000| Untracked 
|  63|0x0000000085d00000, 0x0000000085d00000, 0x0000000085e00000|  0%| F|  |TAMS 0x0000000085d00000, 0x0000000085d00000| Untracked 
|  64|0x0000000085e00000, 0x0000000085e00000, 0x0000000085f00000|  0%| F|  |TAMS 0x0000000085e00000, 0x0000000085e00000| Untracked 
|  65|0x0000000085f00000, 0x0000000085f00000, 0x0000000086000000|  0%| F|  |TAMS 0x0000000085f00000, 0x0000000085f00000| Untracked 
|  66|0x0000000086000000, 0x0000000086000000, 0x0000000086100000|  0%| F|  |TAMS 0x0000000086000000, 0x0000000086000000| Untracked 
|  67|0x0000000086100000, 0x0000000086100000, 0x0000000086200000|  0%| F|  |TAMS 0x0000000086100000, 0x0000000086100000| Untracked 
|  68|0x0000000086200000, 0x0000000086200000, 0x0000000086300000|  0%| F|  |TAMS 0x0000000086200000, 0x0000000086200000| Untracked 
|  69|0x0000000086300000, 0x0000000086300000, 0x0000000086400000|  0%| F|  |TAMS 0x0000000086300000, 0x0000000086300000| Untracked 
|  70|0x0000000086400000, 0x0000000086400000, 0x0000000086500000|  0%| F|  |TAMS 0x0000000086400000, 0x0000000086400000| Untracked 
|  71|0x0000000086500000, 0x0000000086500000, 0x0000000086600000|  0%| F|  |TAMS 0x0000000086500000, 0x0000000086500000| Untracked 
|  72|0x0000000086600000, 0x0000000086600000, 0x0000000086700000|  0%| F|  |TAMS 0x0000000086600000, 0x0000000086600000| Untracked 
|  73|0x0000000086700000, 0x0000000086700000, 0x0000000086800000|  0%| F|  |TAMS 0x0000000086700000, 0x0000000086700000| Untracked 
|  74|0x0000000086800000, 0x0000000086800000, 0x0000000086900000|  0%| F|  |TAMS 0x0000000086800000, 0x0000000086800000| Untracked 
|  75|0x0000000086900000, 0x0000000086900000, 0x0000000086a00000|  0%| F|  |TAMS 0x0000000086900000, 0x0000000086900000| Untracked 
|  76|0x0000000086a00000, 0x0000000086a00000, 0x0000000086b00000|  0%| F|  |TAMS 0x0000000086a00000, 0x0000000086a00000| Untracked 
|  77|0x0000000086b00000, 0x0000000086b00000, 0x0000000086c00000|  0%| F|  |TAMS 0x0000000086b00000, 0x0000000086b00000| Untracked 
|  78|0x0000000086c00000, 0x0000000086c00000, 0x0000000086d00000|  0%| F|  |TAMS 0x0000000086c00000, 0x0000000086c00000| Untracked 
|  79|0x0000000086d00000, 0x0000000086d00000, 0x0000000086e00000|  0%| F|  |TAMS 0x0000000086d00000, 0x0000000086d00000| Untracked 
|  80|0x0000000086e00000, 0x0000000086e00000, 0x0000000086f00000|  0%| F|  |TAMS 0x0000000086e00000, 0x0000000086e00000| Untracked 
|  81|0x0000000086f00000, 0x0000000086f00000, 0x0000000087000000|  0%| F|  |TAMS 0x0000000086f00000, 0x0000000086f00000| Untracked 
|  82|0x0000000087000000, 0x0000000087000000, 0x0000000087100000|  0%| F|  |TAMS 0x0000000087000000, 0x0000000087000000| Untracked 
|  83|0x0000000087100000, 0x0000000087100000, 0x0000000087200000|  0%| F|  |TAMS 0x0000000087100000, 0x0000000087100000| Untracked 
|  84|0x0000000087200000, 0x0000000087200000, 0x0000000087300000|  0%| F|  |TAMS 0x0000000087200000, 0x0000000087200000| Untracked 
|  85|0x0000000087300000, 0x0000000087300000, 0x0000000087400000|  0%| F|  |TAMS 0x0000000087300000, 0x0000000087300000| Untracked 
|  86|0x0000000087400000, 0x0000000087400000, 0x0000000087500000|  0%| F|  |TAMS 0x0000000087400000, 0x0000000087400000| Untracked 
|  87|0x0000000087500000, 0x0000000087500000, 0x0000000087600000|  0%| F|  |TAMS 0x0000000087500000, 0x0000000087500000| Untracked 
|  88|0x0000000087600000, 0x0000000087600000, 0x0000000087700000|  0%| F|  |TAMS 0x0000000087600000, 0x0000000087600000| Untracked 
|  89|0x0000000087700000, 0x0000000087700000, 0x0000000087800000|  0%| F|  |TAMS 0x0000000087700000, 0x0000000087700000| Untracked 
|  90|0x0000000087800000, 0x0000000087800000, 0x0000000087900000|  0%| F|  |TAMS 0x0000000087800000, 0x0000000087800000| Untracked 
|  91|0x0000000087900000, 0x0000000087900000, 0x0000000087a00000|  0%| F|  |TAMS 0x0000000087900000, 0x0000000087900000| Untracked 
|  92|0x0000000087a00000, 0x0000000087a00000, 0x0000000087b00000|  0%| F|  |TAMS 0x0000000087a00000, 0x0000000087a00000| Untracked 
|  93|0x0000000087b00000, 0x0000000087b00000, 0x0000000087c00000|  0%| F|  |TAMS 0x0000000087b00000, 0x0000000087b00000| Untracked 
|  94|0x0000000087c00000, 0x0000000087c00000, 0x0000000087d00000|  0%| F|  |TAMS 0x0000000087c00000, 0x0000000087c00000| Untracked 
|  95|0x0000000087d00000, 0x0000000087d00000, 0x0000000087e00000|  0%| F|  |TAMS 0x0000000087d00000, 0x0000000087d00000| Untracked 
|  96|0x0000000087e00000, 0x0000000087e00000, 0x0000000087f00000|  0%| F|  |TAMS 0x0000000087e00000, 0x0000000087e00000| Untracked 
|  97|0x0000000087f00000, 0x0000000087f00000, 0x0000000088000000|  0%| F|  |TAMS 0x0000000087f00000, 0x0000000087f00000| Untracked 
|  98|0x0000000088000000, 0x0000000088000000, 0x0000000088100000|  0%| F|  |TAMS 0x0000000088000000, 0x0000000088000000| Untracked 
|  99|0x0000000088100000, 0x0000000088100000, 0x0000000088200000|  0%| F|  |TAMS 0x0000000088100000, 0x0000000088100000| Untracked 
| 100|0x0000000088200000, 0x0000000088200000, 0x0000000088300000|  0%| F|  |TAMS 0x0000000088200000, 0x0000000088200000| Untracked 
| 101|0x0000000088300000, 0x0000000088300000, 0x0000000088400000|  0%| F|  |TAMS 0x0000000088300000, 0x0000000088300000| Untracked 
| 102|0x0000000088400000, 0x0000000088400000, 0x0000000088500000|  0%| F|  |TAMS 0x0000000088400000, 0x0000000088400000| Untracked 
| 103|0x0000000088500000, 0x0000000088500000, 0x0000000088600000|  0%| F|  |TAMS 0x0000000088500000, 0x0000000088500000| Untracked 
| 104|0x0000000088600000, 0x0000000088600000, 0x0000000088700000|  0%| F|  |TAMS 0x0000000088600000, 0x0000000088600000| Untracked 
| 105|0x0000000088700000, 0x0000000088700000, 0x0000000088800000|  0%| F|  |TAMS 0x0000000088700000, 0x0000000088700000| Untracked 
| 106|0x0000000088800000, 0x0000000088800000, 0x0000000088900000|  0%| F|  |TAMS 0x0000000088800000, 0x0000000088800000| Untracked 
| 107|0x0000000088900000, 0x0000000088900000, 0x0000000088a00000|  0%| F|  |TAMS 0x0000000088900000, 0x0000000088900000| Untracked 
| 108|0x0000000088a00000, 0x0000000088a00000, 0x0000000088b00000|  0%| F|  |TAMS 0x0000000088a00000, 0x0000000088a00000| Untracked 
| 109|0x0000000088b00000, 0x0000000088b00000, 0x0000000088c00000|  0%| F|  |TAMS 0x0000000088b00000, 0x0000000088b00000| Untracked 
| 110|0x0000000088c00000, 0x0000000088c00000, 0x0000000088d00000|  0%| F|  |TAMS 0x0000000088c00000, 0x0000000088c00000| Untracked 
| 111|0x0000000088d00000, 0x0000000088d00000, 0x0000000088e00000|  0%| F|  |TAMS 0x0000000088d00000, 0x0000000088d00000| Untracked 
| 112|0x0000000088e00000, 0x0000000088e00000, 0x0000000088f00000|  0%| F|  |TAMS 0x0000000088e00000, 0x0000000088e00000| Untracked 
| 113|0x0000000088f00000, 0x0000000088fcc310, 0x0000000089000000| 79%| S|CS|TAMS 0x0000000088f00000, 0x0000000088f00000| Complete 
| 114|0x0000000089000000, 0x0000000089100000, 0x0000000089100000|100%| S|CS|TAMS 0x0000000089000000, 0x0000000089000000| Complete 
| 115|0x0000000089100000, 0x0000000089200000, 0x0000000089200000|100%| E|  |TAMS 0x0000000089100000, 0x0000000089100000| Complete 
| 116|0x0000000089200000, 0x0000000089300000, 0x0000000089300000|100%| E|CS|TAMS 0x0000000089200000, 0x0000000089200000| Complete 
| 117|0x0000000089300000, 0x0000000089400000, 0x0000000089400000|100%| E|CS|TAMS 0x0000000089300000, 0x0000000089300000| Complete 
| 118|0x0000000089400000, 0x0000000089500000, 0x0000000089500000|100%| E|CS|TAMS 0x0000000089400000, 0x0000000089400000| Complete 
| 119|0x0000000089500000, 0x0000000089600000, 0x0000000089600000|100%| E|CS|TAMS 0x0000000089500000, 0x0000000089500000| Complete 
| 120|0x0000000089600000, 0x0000000089700000, 0x0000000089700000|100%| E|CS|TAMS 0x0000000089600000, 0x0000000089600000| Complete 
| 121|0x0000000089700000, 0x0000000089800000, 0x0000000089800000|100%| E|CS|TAMS 0x0000000089700000, 0x0000000089700000| Complete 
| 122|0x0000000089800000, 0x0000000089900000, 0x0000000089900000|100%| E|CS|TAMS 0x0000000089800000, 0x0000000089800000| Complete 
| 123|0x0000000089900000, 0x0000000089a00000, 0x0000000089a00000|100%| E|CS|TAMS 0x0000000089900000, 0x0000000089900000| Complete 
| 124|0x0000000089a00000, 0x0000000089b00000, 0x0000000089b00000|100%| E|CS|TAMS 0x0000000089a00000, 0x0000000089a00000| Complete 
| 125|0x0000000089b00000, 0x0000000089c00000, 0x0000000089c00000|100%| E|CS|TAMS 0x0000000089b00000, 0x0000000089b00000| Complete 
| 126|0x0000000089c00000, 0x0000000089d00000, 0x0000000089d00000|100%| E|CS|TAMS 0x0000000089c00000, 0x0000000089c00000| Complete 
| 127|0x0000000089d00000, 0x0000000089e00000, 0x0000000089e00000|100%| E|CS|TAMS 0x0000000089d00000, 0x0000000089d00000| Complete 

Card table byte_map: [0x0000022951f10000,0x0000022952310000] _byte_map_base: 0x0000022951b01000

Marking Bits (Prev, Next): (CMBitMap*) 0x000002293f49fb70, (CMBitMap*) 0x000002293f49fbb0
 Prev Bits: [0x0000022952710000, 0x0000022954698000)
 Next Bits: [0x00000229546a0000, 0x0000022956628000)

Polling page: 0x000002293d420000

Metaspace:

Usage:
  Non-class:     11.03 MB used.
      Class:      1.12 MB used.
       Both:     12.15 MB used.

Virtual space:
  Non-class space:       16.00 MB reserved,      11.12 MB ( 70%) committed,  2 nodes.
      Class space:        1.00 GB reserved,       1.19 MB ( <1%) committed,  1 nodes.
             Both:        1.02 GB reserved,      12.31 MB (  1%) committed. 

Chunk freelists:
   Non-Class:  176.00 KB
       Class:  2.64 MB
        Both:  2.81 MB

MaxMetaspaceSize: unlimited
CompressedClassSpaceSize: 1.00 GB
Initial GC threshold: 21.00 MB
Current GC threshold: 21.00 MB
CDS: off
MetaspaceReclaimPolicy: balanced
 - commit_granule_bytes: 65536.
 - commit_granule_words: 8192.
 - virtual_space_node_default_size: 1048576.
 - enlarge_chunks_in_place: 1.
 - new_chunks_are_fully_committed: 0.
 - uncommit_free_chunks: 1.
 - use_allocation_guard: 0.
 - handle_deallocations: 1.


Internal statistics:

num_allocs_failed_limit: 0.
num_arena_births: 28.
num_arena_deaths: 0.
num_vsnodes_births: 3.
num_vsnodes_deaths: 0.
num_space_committed: 197.
num_space_uncommitted: 0.
num_chunks_returned_to_freelist: 0.
num_chunks_taken_from_freelist: 116.
num_chunk_merges: 0.
num_chunk_splits: 74.
num_chunks_enlarged: 58.
num_purges: 0.
num_inconsistent_stats: 0.

CodeHeap 'non-profiled nmethods': size=120000Kb used=426Kb max_used=426Kb free=119573Kb
 bounds [0x000002294a5e0000, 0x000002294a850000, 0x0000022951b10000]
CodeHeap 'profiled nmethods': size=120000Kb used=1831Kb max_used=1831Kb free=118168Kb
 bounds [0x00000229430b0000, 0x0000022943320000, 0x000002294a5e0000]
CodeHeap 'non-nmethods': size=5760Kb used=1209Kb max_used=1250Kb free=4550Kb
 bounds [0x0000022942b10000, 0x0000022942d80000, 0x00000229430b0000]
 total_blobs=1434 nmethods=1005 adapters=342
 compilation: enabled
              stopped_count=0, restarted_count=0
 full_count=0

Compilation events (20 events):
Event: 2.192 Thread 0x00000229595618e0 1009       2       java.lang.String::indexOf (64 bytes)
Event: 2.192 Thread 0x00000229595618e0 nmethod 1009 0x0000022943278e90 code [0x0000022943279060, 0x00000229432792a8]
Event: 2.193 Thread 0x00000229595618e0 1010       2       java.lang.StringLatin1::indexOf (25 bytes)
Event: 2.193 Thread 0x00000229595618e0 nmethod 1010 0x0000022943279410 code [0x00000229432795c0, 0x0000022943279768]
Event: 2.237 Thread 0x0000022958b2ecd0 nmethod 941 0x000002294a635d10 code [0x000002294a636000, 0x000002294a6392b0]
Event: 2.240 Thread 0x0000022958b2ecd0  946       4       java.lang.StringLatin1::toBytes (46 bytes)
Event: 2.247 Thread 0x0000022958b2ecd0 nmethod 946 0x000002294a63be90 code [0x000002294a63c020, 0x000002294a63c398]
Event: 2.247 Thread 0x0000022958b2ecd0  947       4       org.yaml.snakeyaml.scanner.ScannerImpl::scanToNextToken (148 bytes)
Event: 2.277 Thread 0x0000022958b2ecd0 nmethod 947 0x000002294a63c510 code [0x000002294a63c720, 0x000002294a63d0d0]
Event: 2.278 Thread 0x0000022958b2ecd0  945 %     4       java.lang.StringCoding::hasNegatives @ 2 (25 bytes)
Event: 2.284 Thread 0x0000022958b2ecd0 nmethod 945% 0x000002294a63da10 code [0x000002294a63dba0, 0x000002294a63ddf8]
Event: 2.284 Thread 0x0000022958b2ecd0  964       4       org.yaml.snakeyaml.nodes.Node::hashCode (5 bytes)
Event: 2.286 Thread 0x0000022958b2ecd0 nmethod 964 0x000002294a63df10 code [0x000002294a63e0a0, 0x000002294a63e168]
Event: 2.286 Thread 0x0000022958b2ecd0  932       4       java.util.ArrayList$Itr::next (66 bytes)
Event: 2.288 Thread 0x0000022958b2ecd0 nmethod 932 0x000002294a63e210 code [0x000002294a63e3a0, 0x000002294a63e4d8]
Event: 2.288 Thread 0x0000022958b2ecd0  969       4       java.util.HashMap::containsKey (14 bytes)
Event: 2.295 Thread 0x0000022958b2ecd0 nmethod 969 0x000002294a63e690 code [0x000002294a63e840, 0x000002294a63ec78]
Event: 2.641 Thread 0x0000022959ff6db0 nmethod 925 0x000002294a63f010 code [0x000002294a63f5a0, 0x000002294a646360]
Event: 52.538 Thread 0x00000229595618e0 1011       3       org.eclipse.jdt.launching.internal.org.objectweb.asm.ClassReader::readShort (27 bytes)
Event: 52.538 Thread 0x00000229595618e0 nmethod 1011 0x0000022943279890 code [0x0000022943279a20, 0x0000022943279b98]

GC Heap History (2 events):
Event: 1.794 GC heap before
{Heap before GC invocations=0 (full 0):
 garbage-first heap   total 131072K, used 13312K [0x0000000081e00000, 0x0000000100000000)
  region size 1024K, 13 young (13312K), 0 survivors (0K)
 Metaspace       used 11631K, committed 11840K, reserved 1064960K
  class space    used 1078K, committed 1152K, reserved 1048576K
}
Event: 1.804 GC heap after
{Heap after GC invocations=1 (full 0):
 garbage-first heap   total 131072K, used 1840K [0x0000000081e00000, 0x0000000100000000)
  region size 1024K, 2 young (2048K), 2 survivors (2048K)
 Metaspace       used 11631K, committed 11840K, reserved 1064960K
  class space    used 1078K, committed 1152K, reserved 1048576K
}

Deoptimization events (20 events):
Event: 2.081 Thread 0x000002293f465ad0 Uncommon trap: trap_request=0xffffff45 fr.pc=0x000002294a620c48 relative=0x00000000000000a8
Event: 2.081 Thread 0x000002293f465ad0 Uncommon trap: reason=unstable_if action=reinterpret pc=0x000002294a620c48 method=org.yaml.snakeyaml.reader.StreamReader.ensureEnoughData(I)Z @ 34 c2
Event: 2.081 Thread 0x000002293f465ad0 DEOPT PACKING pc=0x000002294a620c48 sp=0x000000efa7ffdf80
Event: 2.081 Thread 0x000002293f465ad0 DEOPT UNPACKING pc=0x0000022942b623a3 sp=0x000000efa7ffdf18 mode 2
Event: 2.081 Thread 0x000002293f465ad0 Uncommon trap: trap_request=0xffffff45 fr.pc=0x000002294a633c50 relative=0x0000000000000210
Event: 2.081 Thread 0x000002293f465ad0 Uncommon trap: reason=unstable_if action=reinterpret pc=0x000002294a633c50 method=org.yaml.snakeyaml.reader.StreamReader.ensureEnoughData(I)Z @ 4 c2
Event: 2.081 Thread 0x000002293f465ad0 DEOPT PACKING pc=0x000002294a633c50 sp=0x000000efa7ffdf70
Event: 2.081 Thread 0x000002293f465ad0 DEOPT UNPACKING pc=0x0000022942b623a3 sp=0x000000efa7ffddf8 mode 2
Event: 2.082 Thread 0x000002293f465ad0 Uncommon trap: trap_request=0xffffff45 fr.pc=0x000002294a629c04 relative=0x0000000000000644
Event: 2.082 Thread 0x000002293f465ad0 Uncommon trap: reason=unstable_if action=reinterpret pc=0x000002294a629c04 method=org.yaml.snakeyaml.scanner.ScannerImpl.needMoreTokens()Z @ 4 c2
Event: 2.082 Thread 0x000002293f465ad0 DEOPT PACKING pc=0x000002294a629c04 sp=0x000000efa7ffe210
Event: 2.082 Thread 0x000002293f465ad0 DEOPT UNPACKING pc=0x0000022942b623a3 sp=0x000000efa7ffe170 mode 2
Event: 2.082 Thread 0x000002293f465ad0 Uncommon trap: trap_request=0xffffff45 fr.pc=0x000002294a624560 relative=0x00000000000001a0
Event: 2.082 Thread 0x000002293f465ad0 Uncommon trap: reason=unstable_if action=reinterpret pc=0x000002294a624560 method=org.yaml.snakeyaml.scanner.ScannerImpl.needMoreTokens()Z @ 4 c2
Event: 2.082 Thread 0x000002293f465ad0 DEOPT PACKING pc=0x000002294a624560 sp=0x000000efa7ffe1b0
Event: 2.082 Thread 0x000002293f465ad0 DEOPT UNPACKING pc=0x0000022942b623a3 sp=0x000000efa7ffe170 mode 2
Event: 2.140 Thread 0x000002293f465ad0 Uncommon trap: trap_request=0xffffff45 fr.pc=0x000002294a624fd0 relative=0x0000000000000230
Event: 2.140 Thread 0x000002293f465ad0 Uncommon trap: reason=unstable_if action=reinterpret pc=0x000002294a624fd0 method=java.util.regex.Matcher.reset()Ljava/util/regex/Matcher; @ 71 c2
Event: 2.140 Thread 0x000002293f465ad0 DEOPT PACKING pc=0x000002294a624fd0 sp=0x000000efa7ffeda0
Event: 2.140 Thread 0x000002293f465ad0 DEOPT UNPACKING pc=0x0000022942b623a3 sp=0x000000efa7ffed38 mode 2

Classes unloaded (0 events):
No events

Classes redefined (1 events):
Event: 52.541 Thread 0x0000022958aba350 redefined class name=sortProject01.Person, count=1

Internal exceptions (13 events):
Event: 0.646 Thread 0x000002293f465ad0 Exception <a 'java/lang/NoSuchMethodError'{0x0000000089dfcec8}: 'void java.lang.invoke.DirectMethodHandle$Holder.invokeVirtual(java.lang.Object, java.lang.Object)'> (0x0000000089dfcec8) 
thrown [e:\jenkins\tmp\workspace\build\src\src\hotspot\share\interpreter\linkResolver.cpp, line 766]
Event: 0.684 Thread 0x000002293f465ad0 Exception <a 'java/lang/NoSuchMethodError'{0x0000000089c39a08}: 'java.lang.Object java.lang.invoke.DirectMethodHandle$Holder.newInvokeSpecial(java.lang.Object, java.lang.Object, int)'> (0x0000000089c39a08) 
thrown [e:\jenkins\tmp\workspace\build\src\src\hotspot\share\interpreter\linkResolver.cpp, line 766]
Event: 0.780 Thread 0x000002293f465ad0 Exception <a 'java/lang/NoSuchMethodError'{0x0000000089cbe3f8}: 'void java.lang.invoke.DirectMethodHandle$Holder.invokeSpecial(java.lang.Object, java.lang.Object, java.lang.Object, java.lang.Object, java.lang.Object)'> (0x0000000089cbe3f8) 
thrown [e:\jenkins\tmp\workspace\build\src\src\hotspot\share\interpreter\linkResolver.cpp, line 766]
Event: 0.790 Thread 0x000002293f465ad0 Exception <a 'java/lang/NoSuchMethodError'{0x0000000089cd1c00}: 'java.lang.Object java.lang.invoke.DirectMethodHandle$Holder.invokeInterface(java.lang.Object, java.lang.Object)'> (0x0000000089cd1c00) 
thrown [e:\jenkins\tmp\workspace\build\src\src\hotspot\share\interpreter\linkResolver.cpp, line 766]
Event: 0.790 Thread 0x000002293f465ad0 Exception <a 'java/lang/IncompatibleClassChangeError'{0x0000000089cd5150}: Found class java.lang.Object, but interface was expected> (0x0000000089cd5150) 
thrown [e:\jenkins\tmp\workspace\build\src\src\hotspot\share\interpreter\linkResolver.cpp, line 833]
Event: 0.791 Thread 0x000002293f465ad0 Exception <a 'java/lang/NoSuchMethodError'{0x0000000089cd7f18}: 'void java.lang.invoke.DirectMethodHandle$Holder.invokeStatic(java.lang.Object, java.lang.Object, java.lang.Object, java.lang.Object)'> (0x0000000089cd7f18) 
thrown [e:\jenkins\tmp\workspace\build\src\src\hotspot\share\interpreter\linkResolver.cpp, line 766]
Event: 0.801 Thread 0x000002293f465ad0 Exception <a 'java/lang/NoSuchMethodError'{0x0000000089b1c958}: 'void java.lang.invoke.DirectMethodHandle$Holder.invokeStatic(java.lang.Object, java.lang.Object)'> (0x0000000089b1c958) 
thrown [e:\jenkins\tmp\workspace\build\src\src\hotspot\share\interpreter\linkResolver.cpp, line 766]
Event: 1.058 Thread 0x000002293f465ad0 Implicit null exception at 0x000002294a5f5cd5 to 0x000002294a5f5e34
Event: 1.397 Thread 0x000002293f465ad0 Exception <a 'sun/nio/fs/WindowsException'{0x000000008980bd20}> (0x000000008980bd20) 
thrown [e:\jenkins\tmp\workspace\build\src\src\hotspot\share\prims\jni.cpp, line 516]
Event: 1.496 Thread 0x000002293f465ad0 Exception <a 'sun/nio/fs/WindowsException'{0x00000000898c8d48}> (0x00000000898c8d48) 
thrown [e:\jenkins\tmp\workspace\build\src\src\hotspot\share\prims\jni.cpp, line 516]
Event: 1.497 Thread 0x000002293f465ad0 Exception <a 'sun/nio/fs/WindowsException'{0x00000000898d0d10}> (0x00000000898d0d10) 
thrown [e:\jenkins\tmp\workspace\build\src\src\hotspot\share\prims\jni.cpp, line 516]
Event: 1.578 Thread 0x000002293f465ad0 Exception <a 'sun/nio/fs/WindowsException'{0x00000000897c7d88}> (0x00000000897c7d88) 
thrown [e:\jenkins\tmp\workspace\build\src\src\hotspot\share\prims\jni.cpp, line 516]
Event: 1.579 Thread 0x000002293f465ad0 Exception <a 'sun/nio/fs/WindowsException'{0x00000000897c8830}> (0x00000000897c8830) 
thrown [e:\jenkins\tmp\workspace\build\src\src\hotspot\share\prims\jni.cpp, line 516]

VM Operations (20 events):
Event: 4.309 Executing VM operation: get/set locals
Event: 4.309 Executing VM operation: get/set locals done
Event: 4.310 Executing VM operation: get/set locals
Event: 4.310 Executing VM operation: get/set locals done
Event: 4.312 Executing VM operation: get/set locals
Event: 4.312 Executing VM operation: get/set locals done
Event: 4.314 Executing VM operation: get/set locals
Event: 4.314 Executing VM operation: get/set locals done
Event: 4.321 Executing VM operation: get/set locals
Event: 4.321 Executing VM operation: get/set locals done
Event: 52.533 Executing VM operation: ChangeSingleStep
Event: 52.533 Executing VM operation: ChangeSingleStep done
Event: 52.534 Executing VM operation: ChangeSingleStep
Event: 52.534 Executing VM operation: ChangeSingleStep done
Event: 52.539 Executing VM operation: RedefineClasses
Event: 52.547 Executing VM operation: RedefineClasses done
Event: 52.550 Executing VM operation: ChangeSingleStep
Event: 52.550 Executing VM operation: ChangeSingleStep done
Event: 52.553 Executing VM operation: ChangeSingleStep
Event: 52.553 Executing VM operation: ChangeSingleStep done

Events (20 events):
Event: 2.142 loading class java/lang/InterruptedException done
Event: 2.192 loading class java/util/Formatter
Event: 2.193 loading class java/util/Formatter done
Event: 2.193 loading class java/util/Locale$Category
Event: 2.193 loading class java/util/Locale$Category done
Event: 2.193 loading class java/util/Formatter$Conversion
Event: 2.193 loading class java/util/Formatter$Conversion done
Event: 2.193 loading class java/util/Formatter$FormatSpecifier
Event: 2.194 loading class java/util/Formatter$FormatString
Event: 2.194 loading class java/util/Formatter$FormatString done
Event: 2.195 loading class java/util/Formatter$FormatSpecifier done
Event: 2.195 loading class java/util/Formatter$Flags
Event: 2.195 loading class java/util/Formatter$Flags done
Event: 2.195 loading class java/util/Formatter$FixedString
Event: 2.195 loading class java/util/Formatter$FixedString done
Event: 2.195 loading class java/util/IllegalFormatConversionException
Event: 2.195 loading class java/util/IllegalFormatException
Event: 2.196 loading class java/util/IllegalFormatException done
Event: 2.196 loading class java/util/IllegalFormatConversionException done
Event: 7.646 Thread 0x0000022959ff6db0 Thread exited: 0x0000022959ff6db0


Dynamic libraries:
0x00007ff7e82b0000 - 0x00007ff7e82be000 	C:\Users\madmin\.p2\pool\plugins\org.eclipse.justj.openjdk.hotspot.jre.full.win32.x86_64_17.0.1.v20211116-1657\jre\bin\javaw.exe
0x00007fffee970000 - 0x00007fffeeb68000 	C:\Windows\SYSTEM32\ntdll.dll
0x00007fffedb70000 - 0x00007fffedc2f000 	C:\Windows\System32\KERNEL32.DLL
0x00007fffec410000 - 0x00007fffec6e2000 	C:\Windows\System32\KERNELBASE.dll
0x00007fffec200000 - 0x00007fffec300000 	C:\Windows\System32\ucrtbase.dll
0x00007fffe93f0000 - 0x00007fffe9408000 	C:\Users\madmin\.p2\pool\plugins\org.eclipse.justj.openjdk.hotspot.jre.full.win32.x86_64_17.0.1.v20211116-1657\jre\bin\jli.dll
0x00007fffedc30000 - 0x00007fffeddcd000 	C:\Windows\System32\USER32.dll
0x00007fffec070000 - 0x00007fffec092000 	C:\Windows\System32\win32u.dll
0x00007fffed9d0000 - 0x00007fffed9fb000 	C:\Windows\System32\GDI32.dll
0x00007fffec300000 - 0x00007fffec40f000 	C:\Windows\System32\gdi32full.dll
0x00007fffec920000 - 0x00007fffec9bd000 	C:\Windows\System32\msvcp_win.dll
0x00007fffdc7b0000 - 0x00007fffdc7c9000 	C:\Users\madmin\.p2\pool\plugins\org.eclipse.justj.openjdk.hotspot.jre.full.win32.x86_64_17.0.1.v20211116-1657\jre\bin\VCRUNTIME140.dll
0x00007fffd9e30000 - 0x00007fffda0ca000 	C:\Windows\WinSxS\amd64_microsoft.windows.common-controls_6595b64144ccf1df_6.0.19041.1110_none_60b5254171f9507e\COMCTL32.dll
0x00007fffee890000 - 0x00007fffee92e000 	C:\Windows\System32\msvcrt.dll
0x00007fffecb40000 - 0x00007fffecb72000 	C:\Windows\System32\IMM32.DLL
0x00007fffe8eb0000 - 0x00007fffe8ebc000 	C:\Users\madmin\.p2\pool\plugins\org.eclipse.justj.openjdk.hotspot.jre.full.win32.x86_64_17.0.1.v20211116-1657\jre\bin\vcruntime140_1.dll
0x00007fffd5e30000 - 0x00007fffd5ec1000 	C:\Users\madmin\.p2\pool\plugins\org.eclipse.justj.openjdk.hotspot.jre.full.win32.x86_64_17.0.1.v20211116-1657\jre\bin\msvcp140.dll
0x00007fff997a0000 - 0x00007fff9a3e6000 	C:\Users\madmin\.p2\pool\plugins\org.eclipse.justj.openjdk.hotspot.jre.full.win32.x86_64_17.0.1.v20211116-1657\jre\bin\server\jvm.dll
0x00007fffeca90000 - 0x00007fffecb3e000 	C:\Windows\System32\ADVAPI32.dll
0x00007fffed920000 - 0x00007fffed9bc000 	C:\Windows\System32\sechost.dll
0x00007fffed7f0000 - 0x00007fffed915000 	C:\Windows\System32\RPCRT4.dll
0x00007fffed320000 - 0x00007fffed328000 	C:\Windows\System32\PSAPI.DLL
0x00007fffd8ae0000 - 0x00007fffd8ae9000 	C:\Windows\SYSTEM32\WSOCK32.dll
0x00007fffed100000 - 0x00007fffed16b000 	C:\Windows\System32\WS2_32.dll
0x00007fffd25f0000 - 0x00007fffd2617000 	C:\Windows\SYSTEM32\WINMM.dll
0x00007fffe1090000 - 0x00007fffe109a000 	C:\Windows\SYSTEM32\VERSION.dll
0x00007fffe9f30000 - 0x00007fffe9f42000 	C:\Windows\SYSTEM32\kernel.appcore.dll
0x00007fffb1b10000 - 0x00007fffb1b1a000 	C:\Users\madmin\.p2\pool\plugins\org.eclipse.justj.openjdk.hotspot.jre.full.win32.x86_64_17.0.1.v20211116-1657\jre\bin\jimage.dll
0x00007fffe0840000 - 0x00007fffe0a24000 	C:\Windows\SYSTEM32\DBGHELP.DLL
0x00007fffe07b0000 - 0x00007fffe07dc000 	C:\Windows\SYSTEM32\dbgcore.DLL
0x00007fffec720000 - 0x00007fffec7a2000 	C:\Windows\System32\bcryptPrimitives.dll
0x00007fffd5080000 - 0x00007fffd50bb000 	C:\Users\madmin\.p2\pool\plugins\org.eclipse.justj.openjdk.hotspot.jre.full.win32.x86_64_17.0.1.v20211116-1657\jre\bin\jdwp.dll
0x00007fffe7120000 - 0x00007fffe712e000 	C:\Users\madmin\.p2\pool\plugins\org.eclipse.justj.openjdk.hotspot.jre.full.win32.x86_64_17.0.1.v20211116-1657\jre\bin\instrument.dll
0x00007fffb1ae0000 - 0x00007fffb1b05000 	C:\Users\madmin\.p2\pool\plugins\org.eclipse.justj.openjdk.hotspot.jre.full.win32.x86_64_17.0.1.v20211116-1657\jre\bin\java.dll
0x00007fffa3d50000 - 0x00007fffa3d68000 	C:\Users\madmin\.p2\pool\plugins\org.eclipse.justj.openjdk.hotspot.jre.full.win32.x86_64_17.0.1.v20211116-1657\jre\bin\zip.dll
0x00007fffeddd0000 - 0x00007fffee513000 	C:\Windows\System32\SHELL32.dll
0x00007fffea130000 - 0x00007fffea8c2000 	C:\Windows\SYSTEM32\windows.storage.dll
0x00007fffed460000 - 0x00007fffed7b4000 	C:\Windows\System32\combase.dll
0x00007fffebad0000 - 0x00007fffebb00000 	C:\Windows\SYSTEM32\Wldp.dll
0x00007fffedac0000 - 0x00007fffedb6d000 	C:\Windows\System32\SHCORE.dll
0x00007fffed0a0000 - 0x00007fffed0f5000 	C:\Windows\System32\shlwapi.dll
0x00007fffebfb0000 - 0x00007fffebfcf000 	C:\Windows\SYSTEM32\profapi.dll
0x00007fffa3d30000 - 0x00007fffa3d49000 	C:\Users\madmin\.p2\pool\plugins\org.eclipse.justj.openjdk.hotspot.jre.full.win32.x86_64_17.0.1.v20211116-1657\jre\bin\net.dll
0x00007fffe4c80000 - 0x00007fffe4d8c000 	C:\Windows\SYSTEM32\WINHTTP.dll
0x00007fffeb830000 - 0x00007fffeb89a000 	C:\Windows\system32\mswsock.dll
0x00007fff99690000 - 0x00007fff996a5000 	C:\Users\madmin\.p2\pool\plugins\org.eclipse.justj.openjdk.hotspot.jre.full.win32.x86_64_17.0.1.v20211116-1657\jre\bin\nio.dll
0x00007fffdc5d0000 - 0x00007fffdc5dc000 	C:\Users\madmin\.p2\pool\plugins\org.eclipse.justj.openjdk.hotspot.jre.full.win32.x86_64_17.0.1.v20211116-1657\jre\bin\dt_socket.dll
0x00007fffeb4d0000 - 0x00007fffeb50b000 	C:\Windows\SYSTEM32\IPHLPAPI.DLL
0x00007fffeb520000 - 0x00007fffeb5ea000 	C:\Windows\SYSTEM32\DNSAPI.dll
0x00007fffed7e0000 - 0x00007fffed7e8000 	C:\Windows\System32\NSI.dll
0x00007fffe4b00000 - 0x00007fffe4b0a000 	C:\Windows\System32\rasadhlp.dll
0x00007fffe8e10000 - 0x00007fffe8e90000 	C:\Windows\System32\fwpuclnt.dll
0x00007fffec6f0000 - 0x00007fffec717000 	C:\Windows\System32\bcrypt.dll
0x00007fffe9230000 - 0x00007fffe9240000 	C:\Users\madmin\.p2\pool\plugins\org.eclipse.justj.openjdk.hotspot.jre.full.win32.x86_64_17.0.1.v20211116-1657\jre\bin\verify.dll

dbghelp: loaded successfully - version: 4.0.5 - missing functions: none
symbol engine: initialized successfully - sym options: 0x614 - pdb path: .;C:\Users\madmin\.p2\pool\plugins\org.eclipse.justj.openjdk.hotspot.jre.full.win32.x86_64_17.0.1.v20211116-1657\jre\bin;C:\Windows\SYSTEM32;C:\Windows\WinSxS\amd64_microsoft.windows.common-controls_6595b64144ccf1df_6.0.19041.1110_none_60b5254171f9507e;C:\Users\madmin\.p2\pool\plugins\org.eclipse.justj.openjdk.hotspot.jre.full.win32.x86_64_17.0.1.v20211116-1657\jre\bin\server

VM Arguments:
jvm_args: -XX:+ShowCodeDetailsInExceptionMessages -agentlib:jdwp=transport=dt_socket,suspend=y,address=localhost:1053 -javaagent:C:\Users\madmin\eclipse\jee-2021-12\eclipse\configuration\org.eclipse.osgi\418\0\.cp\lib\javaagent-shaded.jar -Dfile.encoding=Cp1252 --module-path=C:\Users\madmin\OneDrive\GSU\SPRING 2023\CSCI-3230-D\workspace\sortProject01\target\classes;C:\Users\madmin\.m2\repository\com\github\javafaker\javafaker\1.0.2\javafaker-1.0.2.jar --patch-module=sortProject01=C:\Users\madmin\OneDrive\GSU\SPRING 2023\CSCI-3230-D\workspace\sortProject01\target\test-classes --add-reads=sortProject01=ALL-UNNAMED -Djdk.module.main=sortProject01 
java_command: sortProject01/sortProject01.SortTest
java_class_path (initial): C:\Users\madmin\.m2\repository\org\apache\commons\commons-lang3\3.5\commons-lang3-3.5.jar;C:\Users\madmin\.m2\repository\org\yaml\snakeyaml\1.23\snakeyaml-1.23-android.jar;C:\Users\madmin\.m2\repository\com\github\mifmif\generex\1.0.2\generex-1.0.2.jar;C:\Users\madmin\.m2\repository\dk\brics\automaton\automaton\1.11-8\automaton-1.11-8.jar
Launcher Type: SUN_STANDARD

[Global flags]
     intx CICompilerCount                          = 3                                         {product} {ergonomic}
     uint ConcGCThreads                            = 1                                         {product} {ergonomic}
     uint G1ConcRefinementThreads                  = 4                                         {product} {ergonomic}
   size_t G1HeapRegionSize                         = 1048576                                   {product} {ergonomic}
    uintx GCDrainStackTargetSize                   = 64                                        {product} {ergonomic}
   size_t InitialHeapSize                          = 134217728                                 {product} {ergonomic}
   size_t MarkStackSize                            = 4194304                                   {product} {ergonomic}
   size_t MaxHeapSize                              = 2116026368                                {product} {ergonomic}
   size_t MaxNewSize                               = 1268776960                                {product} {ergonomic}
   size_t MinHeapDeltaBytes                        = 1048576                                   {product} {ergonomic}
   size_t MinHeapSize                              = 8388608                                   {product} {ergonomic}
    uintx NonNMethodCodeHeapSize                   = 5832780                                {pd product} {ergonomic}
    uintx NonProfiledCodeHeapSize                  = 122912730                              {pd product} {ergonomic}
    uintx ProfiledCodeHeapSize                     = 122912730                              {pd product} {ergonomic}
    uintx ReservedCodeCacheSize                    = 251658240                              {pd product} {ergonomic}
     bool SegmentedCodeCache                       = true                                      {product} {ergonomic}
     bool ShowCodeDetailsInExceptionMessages       = true                                   {manageable} {command line}
   size_t SoftMaxHeapSize                          = 2116026368                             {manageable} {ergonomic}
     bool UseCompressedClassPointers               = true                           {product lp64_product} {ergonomic}
     bool UseCompressedOops                        = true                           {product lp64_product} {ergonomic}
     bool UseG1GC                                  = true                                      {product} {ergonomic}
     bool UseLargePagesIndividualAllocation        = false                                  {pd product} {ergonomic}

Logging:
Log output configuration:
 #0: stdout all=warning uptime,level,tags
 #1: stderr all=off uptime,level,tags

Environment Variables:
JAVA_HOME=C:\Program Files (x86)\Java\jre1.8.0_333\
PATH=C:\Users\madmin\.p2\pool\plugins\org.eclipse.justj.openjdk.hotspot.jre.full.win32.x86_64_17.0.1.v20211116-1657\jre\bin;C:/Users/madmin/.p2/pool/plugins/org.eclipse.justj.openjdk.hotspot.jre.full.win32.x86_64_17.0.1.v20211116-1657/jre/bin/server;C:/Users/madmin/.p2/pool/plugins/org.eclipse.justj.openjdk.hotspot.jre.full.win32.x86_64_17.0.1.v20211116-1657/jre/bin;C:\Program Files\Common Files\Oracle\Java\javapath;C:\Program Files (x86)\Common Files\Oracle\Java\javapath;C:\Windows\system32;C:\Windows;C:\Windows\System32\Wbem;C:\Windows\System32\WindowsPowerShell\v1.0\;C:\Windows\System32\OpenSSH\;C:\Program Files\Git\cmd;C:\Program Files\PuTTY\;C:\Users\madmin\AppData\Local\Microsoft\WindowsApps;C:\Users\madmin\AppData\Local\Programs\Microsoft VS Code\bin;C:\Program Files (x86)\Nmap;C:\Users\madmin\AppData\Local\GitHubDesktop\bin;C:\Windows\System32;
USERNAME=madmin
OS=Windows_NT
PROCESSOR_IDENTIFIER=Intel64 Family 6 Model 69 Stepping 1, GenuineIntel



---------------  S Y S T E M  ---------------

OS:
 Windows 10 , 64 bit Build 19041 (10.0.19041.2251)
OS uptime: 2 days 1:06 hours

CPU: total 4 (initial active 4) (2 cores per cpu, 2 threads per core) family 6 model 69 stepping 1 microcode 0x25, cx8, cmov, fxsr, ht, mmx, sse, sse2, sse3, ssse3, sse4.1, sse4.2, popcnt, lzcnt, tsc, tscinvbit, avx, avx2, aes, erms, clmul, bmi1, bmi2, fma, vzeroupper, clflush

Memory: 4k page, system-wide physical 8070M (2614M free)
TotalPageFile size 9862M (AvailPageFile size 3060M)
current process WorkingSet (physical memory assigned to process): 62M, peak: 81M
current process commit charge ("private bytes"): 208M, peak: 226M

vm_info: OpenJDK 64-Bit Server VM (17.0.1+12) for windows-amd64 JRE (17.0.1+12), built on Oct 20 2021 07:42:55 by "" with MS VC++ 16.7 (VS2019)

END.
